Build started 9/11/2015 2:13:51 PM.
     1>Project "D:\Code\TestOculusIntegration\PhysicsEngine\Projects\Windows\VS2013\OculusRoomTiny (GL).vcxproj" on node 2 (Build target(s)).
     1>C:\Program Files (x86)\MSBuild\Microsoft.Cpp\v4.0\V120\Microsoft.CppBuild.targets(388,5): warning MSB8028: The intermediate directory (D:\Code\TestOculusIntegration\PhysicsEngine\Projects\Windows\VS2013\..\..\..\Obj\Windows\Win32\Release\VS2013\) contains files shared from another project (OculusRoomTiny (GL).vcxproj).  This can lead to incorrect clean and rebuild behavior.
     1>Link:
         D:\Programs\VisualStudio\VC\bin\link.exe /ERRORREPORT:PROMPT /OUT:"D:\Code\TestOculusIntegration\PhysicsEngine\Projects\Windows\VS2013\..\..\..\Bin\Windows\Win32\Release\VS2013\PhysicsEngine.exe" /INCREMENTAL:NO /NOLOGO D:\Code\TestOculusIntegration\LibOVRKernel\Lib\Windows\Win32\Release\VS2013\LibOVRKernel.lib D:\Code\TestOculusIntegration\LibOVR\Lib\Windows\Win32\Release\VS2013\LibOVR.lib kernel32.lib user32.lib gdi32.lib winspool.lib comdlg32.lib advapi32.lib shell32.lib ole32.lib oleaut32.lib uuid.lib odbc32.lib odbccp32.lib /MANIFEST /MANIFESTUAC:"level='asInvoker' uiAccess='false'" /manifest:embed /manifestinput:D:\Programs\VisualStudio\VC\Include\Manifest\PerMonitorHighDPIAware.manifest /DEBUG /PDB:"D:\Code\TestOculusIntegration\PhysicsEngine\Projects\Windows\VS2013\..\..\..\Bin\Windows\Win32\Release\VS2013\PhysicsEngine.pdb" /SUBSYSTEM:WINDOWS /OPT:REF /OPT:ICF /LTCG /TLBID:1 /DYNAMICBASE /NXCOMPAT /IMPLIB:"D:\Code\TestOculusIntegration\PhysicsEngine\Projects\Windows\VS2013\..\..\..\Bin\Windows\Win32\Release\VS2013\PhysicsEngine.lib" /MACHINE:X86 /SAFESEH D:\Code\TestOculusIntegration\PhysicsEngine\Projects\Windows\VS2013\..\..\..\Obj\Windows\Win32\Release\VS2013\BoundingVolumes.obj
         D:\Code\TestOculusIntegration\PhysicsEngine\Projects\Windows\VS2013\..\..\..\Obj\Windows\Win32\Release\VS2013\CollisionDetection.obj
         D:\Code\TestOculusIntegration\PhysicsEngine\Projects\Windows\VS2013\..\..\..\Obj\Windows\Win32\Release\VS2013\CollisionResolver.obj
         D:\Code\TestOculusIntegration\PhysicsEngine\Projects\Windows\VS2013\..\..\..\Obj\Windows\Win32\Release\VS2013\Collisions.obj
         D:\Code\TestOculusIntegration\PhysicsEngine\Projects\Windows\VS2013\..\..\..\Obj\Windows\Win32\Release\VS2013\Controls.obj
         D:\Code\TestOculusIntegration\PhysicsEngine\Projects\Windows\VS2013\..\..\..\Obj\Windows\Win32\Release\VS2013\Debug.obj
         D:\Code\TestOculusIntegration\PhysicsEngine\Projects\Windows\VS2013\..\..\..\Obj\Windows\Win32\Release\VS2013\main.obj
         D:\Code\TestOculusIntegration\PhysicsEngine\Projects\Windows\VS2013\..\..\..\Obj\Windows\Win32\Release\VS2013\MathDataTypes.obj
         D:\Code\TestOculusIntegration\PhysicsEngine\Projects\Windows\VS2013\..\..\..\Obj\Windows\Win32\Release\VS2013\Particle.obj
         D:\Code\TestOculusIntegration\PhysicsEngine\Projects\Windows\VS2013\..\..\..\Obj\Windows\Win32\Release\VS2013\PhysicsMain.obj
         D:\Code\TestOculusIntegration\PhysicsEngine\Projects\Windows\VS2013\..\..\..\Obj\Windows\Win32\Release\VS2013\RenderableObjects.obj
         D:\Code\TestOculusIntegration\PhysicsEngine\Projects\Windows\VS2013\..\..\..\Obj\Windows\Win32\Release\VS2013\RigidBody.obj
         D:\Code\TestOculusIntegration\PhysicsEngine\Projects\Windows\VS2013\..\..\..\Obj\Windows\Win32\Release\VS2013\Timing.obj
         Generating code
         Finished generating code
         OculusRoomTiny (GL).vcxproj -> D:\Code\TestOculusIntegration\PhysicsEngine\Projects\Windows\VS2013\..\..\..\Bin\Windows\Win32\Release\VS2013\PhysicsEngine.exe
     1>Done Building Project "D:\Code\TestOculusIntegration\PhysicsEngine\Projects\Windows\VS2013\OculusRoomTiny (GL).vcxproj" (Build target(s)).

Build succeeded.

Time Elapsed 00:00:01.04
