Build started 9/11/2015 2:13:49 PM.
     1>Project "D:\Code\TestOculusIntegration\LibOVR\Projects\Windows\VS2013\LibOVR.vcxproj" on node 2 (Build target(s)).
     1>PreBuildEvent:
         echo static const char* OVR_FORCE_REBUILD_PRE = __TIMESTAMP__; /* DO NOT SOURCE CONTROL THIS FILE */ > "D:\Code\TestOculusIntegration\LibOVR\Projects\Windows\VS2013\OVR_ForceRebuildNoCheckin.h"
         :VCEnd
       ClCompile:
         D:\Programs\VisualStudio\VC\bin\CL.exe /c /I../../../Include /Z7 /nologo /W4 /WX- /MP /O2 /Oi /Oy- /D WIN32 /D NDEBUG /D _LIB /D _UNICODE /D UNICODE /Gm- /MT /GS /Gy /fp:precise /Zc:wchar_t /Zc:forScope /GR- /Fo"D:\Code\TestOculusIntegration\LibOVR\Projects\Windows\VS2013\../../../Obj/LibOVR/Windows/Win32/Release/VS2013/" /Fd"D:\Code\TestOculusIntegration\LibOVR\Projects\Windows\VS2013\../../../Obj/LibOVR/Windows/Win32/Release/VS2013/vc120.pdb" /Gd /TC /FID:\Code\TestOculusIntegration\LibOVR\Projects\Windows\VS2013\OVR_ForceRebuildNoCheckin.h /analyze- /Zl /errorReport:prompt /FC /d2Zi+ ..\..\..\Src\OVR_CAPIShim.c
         OVR_CAPIShim.c
         D:\Programs\VisualStudio\VC\bin\CL.exe /c /I../../../Include /Z7 /nologo /W4 /WX- /MP /O2 /Oi /Oy- /D WIN32 /D NDEBUG /D _LIB /D _UNICODE /D UNICODE /Gm- /MT /GS /Gy /fp:precise /Zc:wchar_t /Zc:forScope /GR- /Fo"D:\Code\TestOculusIntegration\LibOVR\Projects\Windows\VS2013\../../../Obj/LibOVR/Windows/Win32/Release/VS2013/" /Fd"D:\Code\TestOculusIntegration\LibOVR\Projects\Windows\VS2013\../../../Obj/LibOVR/Windows/Win32/Release/VS2013/vc120.pdb" /Gd /TP /FID:\Code\TestOculusIntegration\LibOVR\Projects\Windows\VS2013\OVR_ForceRebuildNoCheckin.h /analyze- /Zl /errorReport:prompt /FC /d2Zi+ ..\..\..\Src\OVR_CAPI_Util.cpp ..\..\..\Src\OVR_StereoProjection.cpp
         OVR_CAPI_Util.cpp
         OVR_StereoProjection.cpp
       Lib:
         D:\Programs\VisualStudio\VC\bin\Lib.exe /OUT:"D:\Code\TestOculusIntegration\LibOVR\Projects\Windows\VS2013\../../../Lib/Windows/Win32/Release/VS2013/LibOVR.lib" /NOLOGO /LTCG D:\Code\TestOculusIntegration\LibOVR\Projects\Windows\VS2013\../../../Obj/LibOVR/Windows/Win32/Release/VS2013/OVR_CAPIShim.obj
         D:\Code\TestOculusIntegration\LibOVR\Projects\Windows\VS2013\../../../Obj/LibOVR/Windows/Win32/Release/VS2013/OVR_CAPI_Util.obj
         D:\Code\TestOculusIntegration\LibOVR\Projects\Windows\VS2013\../../../Obj/LibOVR/Windows/Win32/Release/VS2013/OVR_StereoProjection.obj
         LibOVR.vcxproj -> D:\Code\TestOculusIntegration\LibOVR\Projects\Windows\VS2013\../../../Lib/Windows/Win32/Release/VS2013/LibOVR.lib
       PostBuildEvent:
         echo static const char* OVR_FORCE_REBUILD_POST = __TIMESTAMP__; /* DO NOT SOURCE CONTROL THIS FILE */ > "D:\Code\TestOculusIntegration\LibOVR\Projects\Windows\VS2013\OVR_ForceRebuildNoCheckin.h"
         :VCEnd
     1>Done Building Project "D:\Code\TestOculusIntegration\LibOVR\Projects\Windows\VS2013\LibOVR.vcxproj" (Build target(s)).

Build succeeded.

Time Elapsed 00:00:00.62
